2018-11-24 16:34:42,664 [Worker-6] INFO  c.g.t.t.d.PublishedGradleVersions - Gradle version information cache is up-to-date. Trying to read.
2018-11-24 16:38:12,960 [Worker-1] INFO  c.g.t.t.d.PublishedGradleVersions - Gradle version information cache is up-to-date. Trying to read.
2018-11-24 16:51:21,981 [Worker-4] INFO  c.g.t.t.d.PublishedGradleVersions - Gradle version information cache is up-to-date. Trying to read.
2018-11-24 16:53:02,758 [Start Help Server] INFO  org.eclipse.jetty.util.log - Logging initialized @136570ms to org.eclipse.jetty.util.log.Slf4jLog
2018-11-24 16:53:03,017 [Start Help Server] INFO  org.eclipse.jetty.server.Server - jetty-9.4.8.v20171121, build timestamp: 2017-11-21T21:27:37Z, git hash: 82b8fb23f757335bb3329d540ce37a2a2615f0a8
2018-11-24 16:53:03,046 [Start Help Server] INFO  org.eclipse.jetty.server.session - DefaultSessionIdManager workerName=node0
2018-11-24 16:53:03,046 [Start Help Server] INFO  org.eclipse.jetty.server.session - No SessionScavenger set, using defaults
2018-11-24 16:53:03,048 [Start Help Server] INFO  org.eclipse.jetty.server.session - Scavenging every 600000ms
2018-11-24 16:53:03,086 [Start Help Server] INFO  o.e.j.server.handler.ContextHandler - Started o.e.j.s.ServletContextHandler@71cecafa{/help,null,AVAILABLE}
2018-11-24 16:53:03,117 [Start Help Server] INFO  o.e.jetty.server.AbstractConnector - Started ServerConnector@9de5243{HTTP/1.1,[http/1.1]}{127.0.0.1:55324}
2018-11-24 16:53:03,118 [Start Help Server] INFO  org.eclipse.jetty.server.Server - Started @136930ms
2018-11-25 18:36:29,549 [Stop Help Server] INFO  o.e.jetty.server.AbstractConnector - Stopped ServerConnector@9de5243{HTTP/1.1,[http/1.1]}{127.0.0.1:0}
2018-11-25 18:36:29,552 [Stop Help Server] INFO  org.eclipse.jetty.server.session - Stopped scavenging
2018-11-25 18:36:29,638 [Stop Help Server] INFO  o.e.j.server.handler.ContextHandler - Stopped o.e.j.s.ServletContextHandler@71cecafa{/help,null,UNAVAILABLE}
2018-11-25 18:38:01,030 [Worker-2] INFO  c.g.t.t.d.PublishedGradleVersions - Gradle version information cache is out-of-date. Trying to update.
2018-11-25 18:44:23,891 [Worker-5] INFO  c.g.t.t.d.PublishedGradleVersions - Gradle version information cache is up-to-date. Trying to read.
2018-11-25 23:34:18,416 [Start Help Server] INFO  org.eclipse.jetty.util.log - Logging initialized @17423226ms to org.eclipse.jetty.util.log.Slf4jLog
2018-11-25 23:34:18,601 [Start Help Server] INFO  org.eclipse.jetty.server.Server - jetty-9.4.8.v20171121, build timestamp: 2017-11-21T21:27:37Z, git hash: 82b8fb23f757335bb3329d540ce37a2a2615f0a8
2018-11-25 23:34:18,623 [Start Help Server] INFO  org.eclipse.jetty.server.session - DefaultSessionIdManager workerName=node0
2018-11-25 23:34:18,624 [Start Help Server] INFO  org.eclipse.jetty.server.session - No SessionScavenger set, using defaults
2018-11-25 23:34:18,625 [Start Help Server] INFO  org.eclipse.jetty.server.session - Scavenging every 660000ms
2018-11-25 23:34:18,651 [Start Help Server] INFO  o.e.j.server.handler.ContextHandler - Started o.e.j.s.ServletContextHandler@629c5165{/help,null,AVAILABLE}
2018-11-25 23:34:18,673 [Start Help Server] INFO  o.e.jetty.server.AbstractConnector - Started ServerConnector@620c3c62{HTTP/1.1,[http/1.1]}{127.0.0.1:57504}
2018-11-25 23:34:18,674 [Start Help Server] INFO  org.eclipse.jetty.server.Server - Started @17423484ms
2018-11-26 14:34:09,624 [Worker-1] INFO  c.g.t.t.d.PublishedGradleVersions - Gradle version information cache is up-to-date. Trying to read.
2018-11-26 14:35:10,136 [Start Help Server] INFO  org.eclipse.jetty.util.log - Logging initialized @73396ms to org.eclipse.jetty.util.log.Slf4jLog
2018-11-26 14:35:10,419 [Start Help Server] INFO  org.eclipse.jetty.server.Server - jetty-9.4.7.v20170914
2018-11-26 14:35:10,450 [Start Help Server] INFO  org.eclipse.jetty.server.session - DefaultSessionIdManager workerName=node0
2018-11-26 14:35:10,450 [Start Help Server] INFO  org.eclipse.jetty.server.session - No SessionScavenger set, using defaults
2018-11-26 14:35:10,453 [Start Help Server] INFO  org.eclipse.jetty.server.session - Scavenging every 660000ms
2018-11-26 14:35:10,496 [Start Help Server] INFO  o.e.j.server.handler.ContextHandler - Started o.e.j.s.ServletContextHandler@1ac69ce6{/help,null,AVAILABLE}
2018-11-26 14:35:10,520 [Start Help Server] INFO  o.e.jetty.server.AbstractConnector - Started ServerConnector@1be32ae{HTTP/1.1,[http/1.1]}{127.0.0.1:60903}
2018-11-26 14:35:10,521 [Start Help Server] INFO  org.eclipse.jetty.server.Server - Started @73782ms
2018-11-27 14:00:55,742 [Stop Help Server] INFO  o.e.jetty.server.AbstractConnector - Stopped ServerConnector@1be32ae{HTTP/1.1,[http/1.1]}{127.0.0.1:0}
2018-11-27 14:00:55,746 [Stop Help Server] INFO  org.eclipse.jetty.server.session - Stopped scavenging
2018-11-27 14:00:55,794 [Stop Help Server] INFO  o.e.j.server.handler.ContextHandler - Stopped o.e.j.s.ServletContextHandler@1ac69ce6{/help,null,UNAVAILABLE}
2018-11-28 16:43:15,451 [Worker-0] INFO  c.g.t.t.d.PublishedGradleVersions - Gradle version information cache is out-of-date. Trying to update.
